
Showing Recent Issues

Build target AIDagelijksNative of project AIDagelijksNative with configuration Debug

SwiftCompile normal arm64 Compiling\ NewsViewModel.swift /Users/daanster/GitHub/ai-daily/ai-daily-ios-swiftui/AIDagelijksNative/AIDagelijksNative/ViewModels/NewsViewModel.swift (in target 'AIDagelijksNative' from project 'AIDagelijksNative')

Failed frontend command:
/Applications/Xcode.app/Contents/Developer/Toolchains/XcodeDefault.xctoolchain/usr/bin/swift-frontend -frontend -c /Users/daanster/GitHub/ai-daily/ai-daily-ios-swiftui/AIDagelijksNative/AIDagelijksNative/ContentView.swift /Users/daanster/GitHub/ai-daily/ai-daily-ios-swiftui/AIDagelijksNative/AIDagelijksNative/Services/SupabaseClient.swift /Users/daanster/GitHub/ai-daily/ai-daily-ios-swiftui/AIDagelijksNative/AIDagelijksNative/AIDagelijksNativeApp.swift -primary-file /Users/daanster/GitHub/ai-daily/ai-daily-ios-swiftui/AIDagelijksNative/AIDagelijksNative/ViewModels/NewsViewModel.swift /Users/daanster/Library/Developer/Xcode/DerivedData/AIDagelijksNative-bcvgqazhkkelnaafqwmhlsujtksp/Build/Intermediates.noindex/AIDagelijksNative.build/Debug-iphoneos/AIDagelijksNative.build/DerivedSources/GeneratedAssetSymbols.swift -emit-dependencies-path /Users/daanster/Library/Developer/Xcode/DerivedData/AIDagelijksNative-bcvgqazhkkelnaafqwmhlsujtksp/Build/Intermediates.noindex/AIDagelijksNative.build/Debug-iphoneos/AIDagelijksNative.build/Objects-normal/arm64/NewsViewModel.d -emit-const-values-path /Users/daanster/Library/Developer/Xcode/DerivedData/AIDagelijksNative-bcvgqazhkkelnaafqwmhlsujtksp/Build/Intermediates.noindex/AIDagelijksNative.build/Debug-iphoneos/AIDagelijksNative.build/Objects-normal/arm64/NewsViewModel.swiftconstvalues -emit-reference-dependencies-path /Users/daanster/Library/Developer/Xcode/DerivedData/AIDagelijksNative-bcvgqazhkkelnaafqwmhlsujtksp/Build/Intermediates.noindex/AIDagelijksNative.build/Debug-iphoneos/AIDagelijksNative.build/Objects-normal/arm64/NewsViewModel.swiftdeps -serialize-diagnostics-path /Users/daanster/Library/Developer/Xcode/DerivedData/AIDagelijksNative-bcvgqazhkkelnaafqwmhlsujtksp/Build/Intermediates.noindex/AIDagelijksNative.build/Debug-iphoneos/AIDagelijksNative.build/Objects-normal/arm64/NewsViewModel.dia -emit-localized-strings -emit-localized-strings-path /Users/daanster/Library/Developer/Xcode/DerivedData/AIDagelijksNative-bcvgqazhkkelnaafqwmhlsujtksp/Build/Intermediates.noindex/AIDagelijksNative.build/Debug-iphoneos/AIDagelijksNative.build/Objects-normal/arm64 -target arm64-apple-ios26.2 -module-can-import-version DeveloperToolsSupport 23.0.4 23.0.4 -module-can-import-version SwiftUI 7.2.5.1 7.2.5 -module-can-import-version UIKit 9126.2.4.1 9126.2.4 -load-resolved-plugin /Applications/Xcode.app/Contents/Developer/Platforms/iPhoneOS.platform/Developer/usr/lib/swift/host/plugins/libFoundationMacros.dylib\#/Applications/Xcode.app/Contents/Developer/Platforms/iPhoneOS.platform/Developer/usr/bin/swift-plugin-server\#FoundationMacros -load-resolved-plugin /Applications/Xcode.app/Contents/Developer/Platforms/iPhoneOS.platform/Developer/usr/lib/swift/host/plugins/libObservationMacros.dylib\#/Applications/Xcode.app/Contents/Developer/Platforms/iPhoneOS.platform/Developer/usr/bin/swift-plugin-server\#ObservationMacros -load-resolved-plugin /Applications/Xcode.app/Contents/Developer/Platforms/iPhoneOS.platform/Developer/usr/lib/swift/host/plugins/libPreviewsMacros.dylib\#/Applications/Xcode.app/Contents/Developer/Platforms/iPhoneOS.platform/Developer/usr/bin/swift-plugin-server\#PreviewsMacros -load-resolved-plugin /Applications/Xcode.app/Contents/Developer/Platforms/iPhoneOS.platform/Developer/usr/lib/swift/host/plugins/libSwiftMacros.dylib\#/Applications/Xcode.app/Contents/Developer/Platforms/iPhoneOS.platform/Developer/usr/bin/swift-plugin-server\#SwiftMacros -load-resolved-plugin /Applications/Xcode.app/Contents/Developer/Platforms/iPhoneOS.platform/Developer/usr/lib/swift/host/plugins/libSwiftUIMacros.dylib\#/Applications/Xcode.app/Contents/Developer/Platforms/iPhoneOS.platform/Developer/usr/bin/swift-plugin-server\#SwiftUIMacros -disable-implicit-swift-modules -Xcc -fno-implicit-modules -Xcc -fno-implicit-module-maps -explicit-swift-module-map-file /Users/daanster/Library/Developer/Xcode/DerivedData/AIDagelijksNative-bcvgqazhkkelnaafqwmhlsujtksp/Build/Intermediates.noindex/AIDagelijksNative.build/Debug-iphoneos/AIDagelijksNative.build/Objects-normal/arm64/AIDagelijksNative-dependencies-4.json -Xllvm -aarch64-use-tbi -enable-objc-interop -stack-check -sdk /Applications/Xcode.app/Contents/Developer/Platforms/iPhoneOS.platform/Developer/SDKs/iPhoneOS26.2.sdk -I /Users/daanster/Library/Developer/Xcode/DerivedData/AIDagelijksNative-bcvgqazhkkelnaafqwmhlsujtksp/Build/Products/Debug-iphoneos -F /Users/daanster/Library/Developer/Xcode/DerivedData/AIDagelijksNative-bcvgqazhkkelnaafqwmhlsujtksp/Build/Products/Debug-iphoneos -no-color-diagnostics -Xcc -fno-color-diagnostics -enable-testing -g -debug-info-format\=dwarf -dwarf-version\=5 -module-cache-path /Users/daanster/Library/Developer/Xcode/DerivedData/AIDagelijksNative-bcvgqazhkkelnaafqwmhlsujtksp/Build/Intermediates.noindex/SwiftExplicitPrecompiledModules -swift-version 5 -enforce-exclusivity\=checked -Onone -D DEBUG -serialize-debugging-options -const-gather-protocols-file /Users/daanster/Library/Developer/Xcode/DerivedData/AIDagelijksNative-bcvgqazhkkelnaafqwmhlsujtksp/Build/Intermediates.noindex/AIDagelijksNative.build/Debug-iphoneos/AIDagelijksNative.build/Objects-normal/arm64/AIDagelijksNative_const_extract_protocols.json -enable-upcoming-feature DisableOutwardActorInference -enable-upcoming-feature InferSendableFromCaptures -enable-upcoming-feature GlobalActorIsolatedTypesUsability -enable-upcoming-feature MemberImportVisibility -enable-upcoming-feature InferIsolatedConformances -enable-upcoming-feature NonisolatedNonsendingByDefault -enable-experimental-feature DebugDescriptionMacro -enable-bare-slash-regex -default-isolation\=MainActor -empty-abi-descriptor -validate-clang-modules-once -clang-build-session-file /Users/daanster/Library/Developer/Xcode/DerivedData/ModuleCache.noindex/Session.modulevalidation -Xcc -working-directory -Xcc /Users/daanster/GitHub/ai-daily/ai-daily-ios-swiftui/AIDagelijksNative -enable-anonymous-context-mangled-names -file-compilation-dir /Users/daanster/GitHub/ai-daily/ai-daily-ios-swiftui/AIDagelijksNative -Xcc -D_LIBCPP_HARDENING_MODE\=_LIBCPP_HARDENING_MODE_DEBUG -Xcc -ivfsstatcache -Xcc /Users/daanster/Library/Developer/Xcode/DerivedData/SDKStatCaches.noindex/iphoneos26.2-23C53-3794476bd08197c3e2abd9bb477ef7f7.sdkstatcache -Xcc -I/Users/daanster/Library/Developer/Xcode/DerivedData/AIDagelijksNative-bcvgqazhkkelnaafqwmhlsujtksp/Build/Intermediates.noindex/AIDagelijksNative.build/Debug-iphoneos/AIDagelijksNative.build/swift-overrides.hmap -Xcc -iquote -Xcc /Users/daanster/Library/Developer/Xcode/DerivedData/AIDagelijksNative-bcvgqazhkkelnaafqwmhlsujtksp/Build/Intermediates.noindex/AIDagelijksNative.build/Debug-iphoneos/AIDagelijksNative.build/AIDagelijksNative-generated-files.hmap -Xcc -I/Users/daanster/Library/Developer/Xcode/DerivedData/AIDagelijksNative-bcvgqazhkkelnaafqwmhlsujtksp/Build/Intermediates.noindex/AIDagelijksNative.build/Debug-iphoneos/AIDagelijksNative.build/AIDagelijksNative-own-target-headers.hmap -Xcc -I/Users/daanster/Library/Developer/Xcode/DerivedData/AIDagelijksNative-bcvgqazhkkelnaafqwmhlsujtksp/Build/Intermediates.noindex/AIDagelijksNative.build/Debug-iphoneos/AIDagelijksNative.build/AIDagelijksNative-all-target-headers.hmap -Xcc -iquote -Xcc /Users/daanster/Library/Developer/Xcode/DerivedData/AIDagelijksNative-bcvgqazhkkelnaafqwmhlsujtksp/Build/Intermediates.noindex/AIDagelijksNative.build/Debug-iphoneos/AIDagelijksNative.build/AIDagelijksNative-project-headers.hmap -Xcc -I/Users/daanster/Library/Developer/Xcode/DerivedData/AIDagelijksNative-bcvgqazhkkelnaafqwmhlsujtksp/Build/Products/Debug-iphoneos/include -Xcc -I/Users/daanster/Library/Developer/Xcode/DerivedData/AIDagelijksNative-bcvgqazhkkelnaafqwmhlsujtksp/Build/Intermediates.noindex/AIDagelijksNative.build/Debug-iphoneos/AIDagelijksNative.build/DerivedSources-normal/arm64 -Xcc -I/Users/daanster/Library/Developer/Xcode/DerivedData/AIDagelijksNative-bcvgqazhkkelnaafqwmhlsujtksp/Build/Intermediates.noindex/AIDagelijksNative.build/Debug-iphoneos/AIDagelijksNative.build/DerivedSources/arm64 -Xcc -I/Users/daanster/Library/Developer/Xcode/DerivedData/AIDagelijksNative-bcvgqazhkkelnaafqwmhlsujtksp/Build/Intermediates.noindex/AIDagelijksNative.build/Debug-iphoneos/AIDagelijksNative.build/DerivedSources -Xcc -DDEBUG\=1 -no-auto-bridging-header-chaining -module-name AIDagelijksNative -frontend-parseable-output -disable-clang-spi -target-sdk-version 26.2 -target-sdk-name iphoneos26.2 -clang-target arm64-apple-ios26.2 -in-process-plugin-server-path /Applications/Xcode.app/Contents/Developer/Toolchains/XcodeDefault.xctoolchain/usr/lib/swift/host/libSwiftInProcPluginServer.dylib -o /Users/daanster/Library/Developer/Xcode/DerivedData/AIDagelijksNative-bcvgqazhkkelnaafqwmhlsujtksp/Build/Intermediates.noindex/AIDagelijksNative.build/Debug-iphoneos/AIDagelijksNative.build/Objects-normal/arm64/NewsViewModel.o -index-unit-output-path /AIDagelijksNative.build/Debug-iphoneos/AIDagelijksNative.build/Objects-normal/arm64/NewsViewModel.o -index-store-path /Users/daanster/Library/Developer/Xcode/DerivedData/AIDagelijksNative-bcvgqazhkkelnaafqwmhlsujtksp/Index.noindex/DataStore -index-system-modules

SwiftCompile normal arm64 /Users/daanster/GitHub/ai-daily/ai-daily-ios-swiftui/AIDagelijksNative/AIDagelijksNative/ViewModels/NewsViewModel.swift (in target 'AIDagelijksNative' from project 'AIDagelijksNative')
    cd /Users/daanster/GitHub/ai-daily/ai-daily-ios-swiftui/AIDagelijksNative
    

/Users/daanster/GitHub/ai-daily/ai-daily-ios-swiftui/AIDagelijksNative/AIDagelijksNative/ViewModels/NewsViewModel.swift:69:7: error: type 'NewsViewModel' does not conform to protocol 'ObservableObject'
class NewsViewModel: ObservableObject {
      ^
/Users/daanster/GitHub/ai-daily/ai-daily-ios-swiftui/AIDagelijksNative/AIDagelijksNative/ViewModels/NewsViewModel.swift:69:7: note: add stubs for conformance
class NewsViewModel: ObservableObject {
      ^
Combine.ObservableObject.objectWillChange:2:5: note: protocol requires property 'objectWillChange' with type 'Self.ObjectWillChangePublisher'
var objectWillChange: Self.ObjectWillChangePublisher { get }}
    ^
/Users/daanster/GitHub/ai-daily/ai-daily-ios-swiftui/AIDagelijksNative/AIDagelijksNative/ViewModels/NewsViewModel.swift:70:6: error: initializer 'init(wrappedValue:)' is not available due to missing import of defining module 'Combine'
    @Published var latestArticles: [Article] = []
     ^
/Users/daanster/GitHub/ai-daily/ai-daily-ios-swiftui/AIDagelijksNative/AIDagelijksNative/ViewModels/NewsViewModel.swift:10:1: note: add import of module 'Combine'

^
/Users/daanster/GitHub/ai-daily/ai-daily-ios-swiftui/AIDagelijksNative/AIDagelijksNative/ViewModels/NewsViewModel.swift:71:6: error: initializer 'init(wrappedValue:)' is not available due to missing import of defining module 'Combine'
    @Published var mostReadArticles: [Article] = []
     ^
/Users/daanster/GitHub/ai-daily/ai-daily-ios-swiftui/AIDagelijksNative/AIDagelijksNative/ViewModels/NewsViewModel.swift:10:1: note: add import of module 'Combine'

^
/Users/daanster/GitHub/ai-daily/ai-daily-ios-swiftui/AIDagelijksNative/AIDagelijksNative/ViewModels/NewsViewModel.swift:72:6: error: initializer 'init(wrappedValue:)' is not available due to missing import of defining module 'Combine'
    @Published var isLoading = false
     ^
/Users/daanster/GitHub/ai-daily/ai-daily-ios-swiftui/AIDagelijksNative/AIDagelijksNative/ViewModels/NewsViewModel.swift:10:1: note: add import of module 'Combine'

^
/Users/daanster/GitHub/ai-daily/ai-daily-ios-swiftui/AIDagelijksNative/AIDagelijksNative/ViewModels/NewsViewModel.swift:73:6: error: initializer 'init(wrappedValue:)' is not available due to missing import of defining module 'Combine'
    @Published var error: String?
     ^
/Users/daanster/GitHub/ai-daily/ai-daily-ios-swiftui/AIDagelijksNative/AIDagelijksNative/ViewModels/NewsViewModel.swift:10:1: note: add import of module 'Combine'

^
<unknown>:0: error: static subscript 'subscript(_enclosingInstance:wrapped:storage:)' is not available due to missing import of defining module 'Combine'
/Users/daanster/GitHub/ai-daily/ai-daily-ios-swiftui/AIDagelijksNative/AIDagelijksNative/ViewModels/NewsViewModel.swift:10:1: note: add import of module 'Combine'

^
<unknown>:0: error: static subscript 'subscript(_enclosingInstance:wrapped:storage:)' is not available due to missing import of defining module 'Combine'
/Users/daanster/GitHub/ai-daily/ai-daily-ios-swiftui/AIDagelijksNative/AIDagelijksNative/ViewModels/NewsViewModel.swift:10:1: note: add import of module 'Combine'

^
<unknown>:0: error: static subscript 'subscript(_enclosingInstance:wrapped:storage:)' is not available due to missing import of defining module 'Combine'
/Users/daanster/GitHub/ai-daily/ai-daily-ios-swiftui/AIDagelijksNative/AIDagelijksNative/ViewModels/NewsViewModel.swift:10:1: note: add import of module 'Combine'

^
<unknown>:0: error: static subscript 'subscript(_enclosingInstance:wrapped:storage:)' is not available due to missing import of defining module 'Combine'
/Users/daanster/GitHub/ai-daily/ai-daily-ios-swiftui/AIDagelijksNative/AIDagelijksNative/ViewModels/NewsViewModel.swift:10:1: note: add import of module 'Combine'

^
<unknown>:0: error: static subscript 'subscript(_enclosingInstance:wrapped:storage:)' is not available due to missing import of defining module 'Combine'
/Users/daanster/GitHub/ai-daily/ai-daily-ios-swiftui/AIDagelijksNative/AIDagelijksNative/ViewModels/NewsViewModel.swift:10:1: note: add import of module 'Combine'

^
<unknown>:0: error: static subscript 'subscript(_enclosingInstance:wrapped:storage:)' is not available due to missing import of defining module 'Combine'
/Users/daanster/GitHub/ai-daily/ai-daily-ios-swiftui/AIDagelijksNative/AIDagelijksNative/ViewModels/NewsViewModel.swift:10:1: note: add import of module 'Combine'

^
<unknown>:0: error: static subscript 'subscript(_enclosingInstance:wrapped:storage:)' is not available due to missing import of defining module 'Combine'
/Users/daanster/GitHub/ai-daily/ai-daily-ios-swiftui/AIDagelijksNative/AIDagelijksNative/ViewModels/NewsViewModel.swift:10:1: note: add import of module 'Combine'

^
<unknown>:0: error: static subscript 'subscript(_enclosingInstance:wrapped:storage:)' is not available due to missing import of defining module 'Combine'
/Users/daanster/GitHub/ai-daily/ai-daily-ios-swiftui/AIDagelijksNative/AIDagelijksNative/ViewModels/NewsViewModel.swift:10:1: note: add import of module 'Combine'

^
<unknown>:0: error: static subscript 'subscript(_enclosingInstance:wrapped:storage:)' is not available due to missing import of defining module 'Combine'
/Users/daanster/GitHub/ai-daily/ai-daily-ios-swiftui/AIDagelijksNative/AIDagelijksNative/ViewModels/NewsViewModel.swift:10:1: note: add import of module 'Combine'

^
<unknown>:0: error: static subscript 'subscript(_enclosingInstance:wrapped:storage:)' is not available due to missing import of defining module 'Combine'
/Users/daanster/GitHub/ai-daily/ai-daily-ios-swiftui/AIDagelijksNative/AIDagelijksNative/ViewModels/NewsViewModel.swift:10:1: note: add import of module 'Combine'

^
<unknown>:0: error: static subscript 'subscript(_enclosingInstance:wrapped:storage:)' is not available due to missing import of defining module 'Combine'
/Users/daanster/GitHub/ai-daily/ai-daily-ios-swiftui/AIDagelijksNative/AIDagelijksNative/ViewModels/NewsViewModel.swift:10:1: note: add import of module 'Combine'

^
<unknown>:0: error: static subscript 'subscript(_enclosingInstance:wrapped:storage:)' is not available due to missing import of defining module 'Combine'
/Users/daanster/GitHub/ai-daily/ai-daily-ios-swiftui/AIDagelijksNative/AIDagelijksNative/ViewModels/NewsViewModel.swift:10:1: note: add import of module 'Combine'

^
<unknown>:0: error: static subscript 'subscript(_enclosingInstance:wrapped:storage:)' is not available due to missing import of defining module 'Combine'
/Users/daanster/GitHub/ai-daily/ai-daily-ios-swiftui/AIDagelijksNative/AIDagelijksNative/ViewModels/NewsViewModel.swift:10:1: note: add import of module 'Combine'

^
<unknown>:0: error: static subscript 'subscript(_enclosingInstance:wrapped:storage:)' is not available due to missing import of defining module 'Combine'
/Users/daanster/GitHub/ai-daily/ai-daily-ios-swiftui/AIDagelijksNative/AIDagelijksNative/ViewModels/NewsViewModel.swift:10:1: note: add import of module 'Combine'

^
<unknown>:0: error: static subscript 'subscript(_enclosingInstance:wrapped:storage:)' is not available due to missing import of defining module 'Combine'
/Users/daanster/GitHub/ai-daily/ai-daily-ios-swiftui/AIDagelijksNative/AIDagelijksNative/ViewModels/NewsViewModel.swift:10:1: note: add import of module 'Combine'

^
<unknown>:0: error: static subscript 'subscript(_enclosingInstance:wrapped:storage:)' is not available due to missing import of defining module 'Combine'
/Users/daanster/GitHub/ai-daily/ai-daily-ios-swiftui/AIDagelijksNative/AIDagelijksNative/ViewModels/NewsViewModel.swift:10:1: note: add import of module 'Combine'

^
<unknown>:0: error: static subscript 'subscript(_enclosingInstance:wrapped:storage:)' is not available due to missing import of defining module 'Combine'
/Users/daanster/GitHub/ai-daily/ai-daily-ios-swiftui/AIDagelijksNative/AIDagelijksNative/ViewModels/NewsViewModel.swift:10:1: note: add import of module 'Combine'

^
<unknown>:0: error: static subscript 'subscript(_enclosingInstance:wrapped:storage:)' is not available due to missing import of defining module 'Combine'
/Users/daanster/GitHub/ai-daily/ai-daily-ios-swiftui/AIDagelijksNative/AIDagelijksNative/ViewModels/NewsViewModel.swift:10:1: note: add import of module 'Combine'

^
<unknown>:0: error: static subscript 'subscript(_enclosingInstance:wrapped:storage:)' is not available due to missing import of defining module 'Combine'
/Users/daanster/GitHub/ai-daily/ai-daily-ios-swiftui/AIDagelijksNative/AIDagelijksNative/ViewModels/NewsViewModel.swift:10:1: note: add import of module 'Combine'

^
<unknown>:0: error: static subscript 'subscript(_enclosingInstance:wrapped:storage:)' is not available due to missing import of defining module 'Combine'
/Users/daanster/GitHub/ai-daily/ai-daily-ios-swiftui/AIDagelijksNative/AIDagelijksNative/ViewModels/NewsViewModel.swift:10:1: note: add import of module 'Combine'

^
<unknown>:0: error: static subscript 'subscript(_enclosingInstance:wrapped:storage:)' is not available due to missing import of defining module 'Combine'
/Users/daanster/GitHub/ai-daily/ai-daily-ios-swiftui/AIDagelijksNative/AIDagelijksNative/ViewModels/NewsViewModel.swift:10:1: note: add import of module 'Combine'

^
<unknown>:0: error: static subscript 'subscript(_enclosingInstance:wrapped:storage:)' is not available due to missing import of defining module 'Combine'
/Users/daanster/GitHub/ai-daily/ai-daily-ios-swiftui/AIDagelijksNative/AIDagelijksNative/ViewModels/NewsViewModel.swift:10:1: note: add import of module 'Combine'

^
<unknown>:0: error: static subscript 'subscript(_enclosingInstance:wrapped:storage:)' is not available due to missing import of defining module 'Combine'
/Users/daanster/GitHub/ai-daily/ai-daily-ios-swiftui/AIDagelijksNative/AIDagelijksNative/ViewModels/NewsViewModel.swift:10:1: note: add import of module 'Combine'

^
<unknown>:0: error: static subscript 'subscript(_enclosingInstance:wrapped:storage:)' is not available due to missing import of defining module 'Combine'
/Users/daanster/GitHub/ai-daily/ai-daily-ios-swiftui/AIDagelijksNative/AIDagelijksNative/ViewModels/NewsViewModel.swift:10:1: note: add import of module 'Combine'

^

/Users/daanster/GitHub/ai-daily/ai-daily-ios-swiftui/AIDagelijksNative/AIDagelijksNative/ViewModels/NewsViewModel.swift:69:7: Type 'NewsViewModel' does not conform to protocol 'ObservableObject'

/Users/daanster/GitHub/ai-daily/ai-daily-ios-swiftui/AIDagelijksNative/AIDagelijksNative/ViewModels/NewsViewModel.swift:70:6: Initializer 'init(wrappedValue:)' is not available due to missing import of defining module 'Combine'

/Users/daanster/GitHub/ai-daily/ai-daily-ios-swiftui/AIDagelijksNative/AIDagelijksNative/ViewModels/NewsViewModel.swift:71:6: Initializer 'init(wrappedValue:)' is not available due to missing import of defining module 'Combine'

/Users/daanster/GitHub/ai-daily/ai-daily-ios-swiftui/AIDagelijksNative/AIDagelijksNative/ViewModels/NewsViewModel.swift:72:6: Initializer 'init(wrappedValue:)' is not available due to missing import of defining module 'Combine'

/Users/daanster/GitHub/ai-daily/ai-daily-ios-swiftui/AIDagelijksNative/AIDagelijksNative/ViewModels/NewsViewModel.swift:73:6: Initializer 'init(wrappedValue:)' is not available due to missing import of defining module 'Combine'

Static subscript 'subscript(_enclosingInstance:wrapped:storage:)' is not available due to missing import of defining module 'Combine'

Static subscript 'subscript(_enclosingInstance:wrapped:storage:)' is not available due to missing import of defining module 'Combine'

Static subscript 'subscript(_enclosingInstance:wrapped:storage:)' is not available due to missing import of defining module 'Combine'

Static subscript 'subscript(_enclosingInstance:wrapped:storage:)' is not available due to missing import of defining module 'Combine'

Static subscript 'subscript(_enclosingInstance:wrapped:storage:)' is not available due to missing import of defining module 'Combine'

Static subscript 'subscript(_enclosingInstance:wrapped:storage:)' is not available due to missing import of defining module 'Combine'

Static subscript 'subscript(_enclosingInstance:wrapped:storage:)' is not available due to missing import of defining module 'Combine'

Static subscript 'subscript(_enclosingInstance:wrapped:storage:)' is not available due to missing import of defining module 'Combine'

Static subscript 'subscript(_enclosingInstance:wrapped:storage:)' is not available due to missing import of defining module 'Combine'

Static subscript 'subscript(_enclosingInstance:wrapped:storage:)' is not available due to missing import of defining module 'Combine'

Static subscript 'subscript(_enclosingInstance:wrapped:storage:)' is not available due to missing import of defining module 'Combine'

Static subscript 'subscript(_enclosingInstance:wrapped:storage:)' is not available due to missing import of defining module 'Combine'

Static subscript 'subscript(_enclosingInstance:wrapped:storage:)' is not available due to missing import of defining module 'Combine'

Static subscript 'subscript(_enclosingInstance:wrapped:storage:)' is not available due to missing import of defining module 'Combine'

Static subscript 'subscript(_enclosingInstance:wrapped:storage:)' is not available due to missing import of defining module 'Combine'

Static subscript 'subscript(_enclosingInstance:wrapped:storage:)' is not available due to missing import of defining module 'Combine'

Static subscript 'subscript(_enclosingInstance:wrapped:storage:)' is not available due to missing import of defining module 'Combine'

Static subscript 'subscript(_enclosingInstance:wrapped:storage:)' is not available due to missing import of defining module 'Combine'

Static subscript 'subscript(_enclosingInstance:wrapped:storage:)' is not available due to missing import of defining module 'Combine'

Static subscript 'subscript(_enclosingInstance:wrapped:storage:)' is not available due to missing import of defining module 'Combine'

Static subscript 'subscript(_enclosingInstance:wrapped:storage:)' is not available due to missing import of defining module 'Combine'

Static subscript 'subscript(_enclosingInstance:wrapped:storage:)' is not available due to missing import of defining module 'Combine'

Static subscript 'subscript(_enclosingInstance:wrapped:storage:)' is not available due to missing import of defining module 'Combine'

Static subscript 'subscript(_enclosingInstance:wrapped:storage:)' is not available due to missing import of defining module 'Combine'



Build failed    08/01/2026, 12:49    1.0 seconds
